<?xml version="1.0" encoding="UTF-8"?>
<!-- Generated by org.testng.reporters.JUnitXMLReporter -->
<testsuite ignored="0" hostname="DESKTOP-5GFQOGL" failures="0" tests="7" name="Test" time="144.277" errors="0" timestamp="2023-05-25T21:26:04 IST">
  <testcase classname="Demo.appiumFramework.banjaraRide" name="bookNow" time="31.375"/>
  <testcase classname="Demo.appiumFramework.banjaraRide" name="menuBar_bookings" time="18.16"/>
  <testcase classname="Demo.appiumFramework.banjaraRide" name="aboutUs" time="16.19"/>
  <testcase classname="Demo.appiumFramework.banjaraRide" name="informationCenter" time="21.411"/>
  <testcase classname="Demo.appiumFramework.banjaraRide" name="Profile" time="11.508"/>
  <testcase classname="Demo.appiumFramework.banjaraRide" name="appLanguage" time="11.798"/>
  <testcase classname="Demo.appiumFramework.banjaraRide" name="callUs" time="12.319"/>
</testsuite> <!-- Test -->
