<?xml version="1.0" encoding="UTF-8"?>
<!-- Generated by org.testng.reporters.JUnitXMLReporter -->
<testsuite ignored="0" hostname="DESKTOP-5GFQOGL" failures="0" tests="7" name="Default test" time="143.469" errors="0" timestamp="2023-05-25T21:47:26 IST">
  <testcase classname="Demo.appiumFramework.banjaraRide" name="bookNow" time="29.258"/>
  <testcase classname="Demo.appiumFramework.banjaraRide" name="menuBar_bookings" time="17.994"/>
  <testcase classname="Demo.appiumFramework.banjaraRide" name="aboutUs" time="17.487"/>
  <testcase classname="Demo.appiumFramework.banjaraRide" name="informationCenter" time="21.573"/>
  <testcase classname="Demo.appiumFramework.banjaraRide" name="Profile" time="11.487"/>
  <testcase classname="Demo.appiumFramework.banjaraRide" name="appLanguage" time="12.461"/>
  <testcase classname="Demo.appiumFramework.banjaraRide" name="callUs" time="12.496"/>
</testsuite> <!-- Default test -->
